\BOOKMARK [0][]{chapter.1}{Introduction to Organiztion}{}% 1
\BOOKMARK [0][]{chapter.2}{Introduction to Project}{}% 2
\BOOKMARK [1][]{section.2.1}{Overview}{chapter.2}% 3
\BOOKMARK [1][]{section.2.2}{Existing system}{chapter.2}% 4
\BOOKMARK [2][]{subsection.2.2.1}{ATMEL at86rf230}{section.2.2}% 5
\BOOKMARK [2][]{subsection.2.2.2}{Microchip mrf24j40}{section.2.2}% 6
\BOOKMARK [2][]{subsection.2.2.3}{Texas CC2520}{section.2.2}% 7
\BOOKMARK [1][]{section.2.3}{Requirement Analysis}{chapter.2}% 8
\BOOKMARK [1][]{section.2.4}{Feasbility Study}{chapter.2}% 9
\BOOKMARK [2][]{subsection.2.4.1}{Does SPIRIT support what wpan offers?}{section.2.4}% 10
\BOOKMARK [2][]{subsection.2.4.2}{Does Linux supports what SPIRIT used to communicate?}{section.2.4}% 11
\BOOKMARK [1][]{section.2.5}{Objectives of the Project}{chapter.2}% 12
\BOOKMARK [0][]{chapter.3}{Product Design}{}% 13
\BOOKMARK [1][]{section.3.1}{Wireless Personal Area Network}{chapter.3}% 14
\BOOKMARK [2][]{subsection.3.1.1}{Limitations}{section.3.1}% 15
\BOOKMARK [2][]{subsection.3.1.2}{WPAN Architecture}{section.3.1}% 16
\BOOKMARK [3][]{subsubsection.3.1.2.1}{Application layer}{subsection.3.1.2}% 17
\BOOKMARK [3][]{subsubsection.3.1.2.2}{Host}{subsection.3.1.2}% 18
\BOOKMARK [3][]{subsubsection.3.1.2.3}{Controller}{subsection.3.1.2}% 19
\BOOKMARK [2][]{subsection.3.1.3}{IEEE 802.15.4 Network Topologies}{section.3.1}% 20
\BOOKMARK [3][]{subsubsection.3.1.3.1}{Star Topology}{subsection.3.1.3}% 21
\BOOKMARK [3][]{subsubsection.3.1.3.2}{Peer to Peer Topology}{subsection.3.1.3}% 22
\BOOKMARK [2][]{subsection.3.1.4}{Network formation}{section.3.1}% 23
\BOOKMARK [3][]{subsubsection.3.1.4.1}{Star network formation}{subsection.3.1.4}% 24
\BOOKMARK [3][]{subsubsection.3.1.4.2}{Peer to Peer network formation}{subsection.3.1.4}% 25
\BOOKMARK [1][]{section.3.2}{IEEE 802.15.5 Architecture}{chapter.3}% 26
\BOOKMARK [2][]{subsection.3.2.1}{Physical layer}{section.3.2}% 27
\BOOKMARK [2][]{subsection.3.2.2}{Operating frequency range}{section.3.2}% 28
\BOOKMARK [2][]{subsection.3.2.3}{Medium Acess Control}{section.3.2}% 29
\BOOKMARK [3][]{subsubsection.3.2.3.1}{MAC Services}{subsection.3.2.3}% 30
\BOOKMARK [2][]{subsection.3.2.4}{Security}{section.3.2}% 31
\BOOKMARK [2][]{subsection.3.2.5}{MAC layer advertising and scanning}{section.3.2}% 32
\BOOKMARK [3][]{subsubsection.3.2.5.1}{Passive Scanning}{subsection.3.2.5}% 33
\BOOKMARK [3][]{subsubsection.3.2.5.2}{Active Scanning}{subsection.3.2.5}% 34
\BOOKMARK [1][]{section.3.3}{Low Wireless Personal Area Network}{chapter.3}% 35
\BOOKMARK [2][]{subsection.3.3.1}{Transmission of IPv6 Packets over IEEE 802.15.4 Networks}{section.3.3}% 36
\BOOKMARK [2][]{subsection.3.3.2}{IEEE 802.15.4 Mode over IPv6}{section.3.3}% 37
\BOOKMARK [2][]{subsection.3.3.3}{Addressing Modes}{section.3.3}% 38
\BOOKMARK [2][]{subsection.3.3.4}{Maximum transmission Unit}{section.3.3}% 39
\BOOKMARK [2][]{subsection.3.3.5}{Security of IPv6}{section.3.3}% 40
\BOOKMARK [1][]{section.3.4}{WPAN The officila Linux SPIRIT stack}{chapter.3}% 41
\BOOKMARK [2][]{subsection.3.4.1}{History}{section.3.4}% 42
\BOOKMARK [1][]{section.3.5}{SPIRIT2}{chapter.3}% 43
\BOOKMARK [2][]{subsection.3.5.1}{Block diagram of SPIRIT2}{section.3.5}% 44
\BOOKMARK [2][]{subsection.3.5.2}{SPIRIT1}{section.3.5}% 45
\BOOKMARK [2][]{subsection.3.5.3}{SPIRIT1/SPIRIT2 Protocol Stack}{section.3.5}% 46
\BOOKMARK [2][]{subsection.3.5.4}{Pin Diagram of SPIRIT2}{section.3.5}% 47
\BOOKMARK [2][]{subsection.3.5.5}{Pin Description}{section.3.5}% 48
\BOOKMARK [2][]{subsection.3.5.6}{Operating Modes}{section.3.5}% 49
\BOOKMARK [0][]{chapter.4}{Development and Implementation}{}% 50
\BOOKMARK [1][]{section.4.1}{The Linux Kernel}{chapter.4}% 51
\BOOKMARK [2][]{subsection.4.1.1}{The Linux Device Driver Model}{section.4.1}% 52
\BOOKMARK [3][]{subsubsection.4.1.1.1}{Overview}{subsection.4.1.1}% 53
\BOOKMARK [3][]{subsubsection.4.1.1.2}{Driver Model}{subsection.4.1.1}% 54
\BOOKMARK [2][]{subsection.4.1.2}{Overview of SPI support in Linux}{section.4.1}% 55
\BOOKMARK [3][]{subsubsection.4.1.2.1}{What is SPI?}{subsection.4.1.2}% 56
\BOOKMARK [3][]{subsubsection.4.1.2.2}{Who uses SPI?}{subsection.4.1.2}% 57
\BOOKMARK [3][]{subsubsection.4.1.2.3}{The SPI programming interface}{subsection.4.1.2}% 58
\BOOKMARK [1][]{section.4.2}{The C Programming Language}{chapter.4}% 59
\BOOKMARK [1][]{section.4.3}{Development Boards}{chapter.4}% 60
\BOOKMARK [2][]{subsection.4.3.1}{Raspberry Pi 2}{section.4.3}% 61
\BOOKMARK [2][]{subsection.4.3.2}{BeagleBone Black}{section.4.3}% 62
\BOOKMARK [1][]{section.4.4}{Tools used}{chapter.4}% 63
\BOOKMARK [2][]{subsection.4.4.1}{Buildroot}{section.4.4}% 64
\BOOKMARK [2][]{subsection.4.4.2}{Cscope}{section.4.4}% 65
\BOOKMARK [2][]{subsection.4.4.3}{VIM}{section.4.4}% 66
\BOOKMARK [2][]{subsection.4.4.4}{Logic Analyzer}{section.4.4}% 67
\BOOKMARK [2][]{subsection.4.4.5}{Programming interface}{section.4.4}% 68
\BOOKMARK [3][]{subsubsection.4.4.5.1}{SYSFS programming Interface}{subsection.4.4.5}% 69
\BOOKMARK [1][]{section.4.5}{Testing}{chapter.4}% 70
\BOOKMARK [2][]{subsection.4.5.1}{Enable the SPI in RPI2 board}{section.4.5}% 71
\BOOKMARK [3][]{subsubsection.4.5.1.1}{Make the entry in dts}{subsection.4.5.1}% 72
\BOOKMARK [2][]{subsection.4.5.2}{Interfacing between RPI2 and SPSGRF\(SPIRIT1\)}{section.4.5}% 73
\BOOKMARK [2][]{subsection.4.5.3}{Test using logic Analyzer}{section.4.5}% 74
\BOOKMARK [2][]{subsection.4.5.4}{Test the hardware}{section.4.5}% 75
\BOOKMARK [0][]{chapter.5}{Conclusion and Future Scope}{}% 76
\BOOKMARK [1][]{section.5.1}{Conclusion}{chapter.5}% 77
\BOOKMARK [1][]{section.5.2}{Future Scope}{chapter.5}% 78
